2026-05-13 20:01:02,249 | TRACE LOGGER INITIALIZED file=C:\Users\Angelo\Documents\github\capstone_project\src\docs\logs\trace.log
2026-05-13 20:01:02,251 | APPLY START op='model_target' params={'column': 'Survived'} shape_before=(418, 12) columns_before=['PassengerId', 'Survived', 'Pclass', 'Name', 'Sex', 'Age', 'SibSp', 'Parch', 'Ticket', 'Fare', 'Cabin', 'Embarked']
2026-05-13 20:01:02,265 | APPLY END op='model_target' shape_after=(1, 11) columns_after=['Name', 'Sex', 'Ticket', 'Cabin', 'Embarked', 'PassengerId', 'Pclass', 'Age', 'SibSp', 'Parch', 'Fare'] preview_after=[{'Name': 0, 'Sex': 1, 'Ticket': 2, 'Cabin': 3, 'Embarked': 4, 'PassengerId': 5, 'Pclass': 6, 'Age': 7, 'SibSp': 8, 'Parch': 9, 'Fare': 10}]
2026-05-13 20:06:57,060 | TRACE LOGGER INITIALIZED file=C:\Users\Angelo\Documents\github\capstone_project\src\docs\logs\trace.log
2026-05-13 20:06:57,065 | APPLY START op='model_target' params={'column': 'Survived'} shape_before=(418, 12) columns_before=['PassengerId', 'Survived', 'Pclass', 'Name', 'Sex', 'Age', 'SibSp', 'Parch', 'Ticket', 'Fare', 'Cabin', 'Embarked']
2026-05-13 20:06:57,164 | APPLY END op='model_target' shape_after=(1, 11) columns_after=['Name', 'Sex', 'Ticket', 'Cabin', 'Embarked', 'PassengerId', 'Pclass', 'Age', 'SibSp', 'Parch', 'Fare'] preview_after=[{'Name': 0, 'Sex': 1, 'Ticket': 2, 'Cabin': 3, 'Embarked': 4, 'PassengerId': 5, 'Pclass': 6, 'Age': 7, 'SibSp': 8, 'Parch': 9, 'Fare': 10}]
2026-05-13 20:21:27,553 | TRACE LOGGER INITIALIZED file=C:\Users\Angelo\Documents\github\capstone_project\src\docs\logs\trace.log
2026-05-13 20:21:27,556 | APPLY START op='model_target' params={'column': 'Survived'} shape_before=(418, 12) columns_before=['PassengerId', 'Survived', 'Pclass', 'Name', 'Sex', 'Age', 'SibSp', 'Parch', 'Ticket', 'Fare', 'Cabin', 'Embarked']
2026-05-13 20:21:27,647 | APPLY END op='model_target' shape_after=(1, 11) columns_after=['Name', 'Sex', 'Ticket', 'Cabin', 'Embarked', 'PassengerId', 'Pclass', 'Age', 'SibSp', 'Parch', 'Fare'] preview_after=[{'Name': 0, 'Sex': 1, 'Ticket': 2, 'Cabin': 3, 'Embarked': 4, 'PassengerId': 5, 'Pclass': 6, 'Age': 7, 'SibSp': 8, 'Parch': 9, 'Fare': 10}]
2026-05-13 20:22:15,559 | TRACE LOGGER INITIALIZED file=C:\Users\Angelo\Documents\github\capstone_project\src\docs\logs\trace.log
2026-05-13 20:22:15,562 | APPLY START op='model_target' params={'column': 'Survived'} shape_before=(418, 12) columns_before=['PassengerId', 'Survived', 'Pclass', 'Name', 'Sex', 'Age', 'SibSp', 'Parch', 'Ticket', 'Fare', 'Cabin', 'Embarked']
2026-05-13 20:22:15,719 | APPLY END op='model_target' shape_after=(1, 11) columns_after=['Name', 'Sex', 'Ticket', 'Cabin', 'Embarked', 'PassengerId', 'Pclass', 'Age', 'SibSp', 'Parch', 'Fare'] preview_after=[{'Name': 0, 'Sex': 1, 'Ticket': 2, 'Cabin': 3, 'Embarked': 4, 'PassengerId': 5, 'Pclass': 6, 'Age': 7, 'SibSp': 8, 'Parch': 9, 'Fare': 10}]
2026-05-13 20:23:58,394 | TRACE LOGGER INITIALIZED file=C:\Users\Angelo\Documents\github\capstone_project\src\docs\logs\trace.log
2026-05-13 20:23:58,396 | APPLY START op='model_target' params={'column': 'Survived'} shape_before=(418, 12) columns_before=['PassengerId', 'Survived', 'Pclass', 'Name', 'Sex', 'Age', 'SibSp', 'Parch', 'Ticket', 'Fare', 'Cabin', 'Embarked']
2026-05-13 20:23:58,488 | APPLY END op='model_target' shape_after=(1, 11) columns_after=['Name', 'Sex', 'Ticket', 'Cabin', 'Embarked', 'PassengerId', 'Pclass', 'Age', 'SibSp', 'Parch', 'Fare'] preview_after=[{'Name': 0, 'Sex': 1, 'Ticket': 2, 'Cabin': 3, 'Embarked': 4, 'PassengerId': 5, 'Pclass': 6, 'Age': 7, 'SibSp': 8, 'Parch': 9, 'Fare': 10}]
2026-05-13 20:25:49,039 | TRACE LOGGER INITIALIZED file=C:\Users\Angelo\Documents\github\capstone_project\src\docs\logs\trace.log
2026-05-13 20:25:49,041 | APPLY START op='model_target' params={'column': 'Survived'} shape_before=(418, 12) columns_before=['PassengerId', 'Survived', 'Pclass', 'Name', 'Sex', 'Age', 'SibSp', 'Parch', 'Ticket', 'Fare', 'Cabin', 'Embarked']
2026-05-13 20:25:49,192 | APPLY END op='model_target' shape_after=(1, 11) columns_after=['Name', 'Sex', 'Ticket', 'Cabin', 'Embarked', 'PassengerId', 'Pclass', 'Age', 'SibSp', 'Parch', 'Fare'] preview_after=[{'Name': 0, 'Sex': 1, 'Ticket': 2, 'Cabin': 3, 'Embarked': 4, 'PassengerId': 5, 'Pclass': 6, 'Age': 7, 'SibSp': 8, 'Parch': 9, 'Fare': 10}]
2026-05-13 20:29:28,389 | TRACE LOGGER INITIALIZED file=C:\Users\Angelo\Documents\github\capstone_project\src\docs\logs\trace.log
2026-05-13 20:29:28,391 | APPLY START op='model_target' params={'column': 'Survived'} shape_before=(418, 12) columns_before=['PassengerId', 'Survived', 'Pclass', 'Name', 'Sex', 'Age', 'SibSp', 'Parch', 'Ticket', 'Fare', 'Cabin', 'Embarked']
2026-05-13 20:29:33,607 | APPLY END op='model_target' shape_after=(1, 11) columns_after=['Name', 'Sex', 'Ticket', 'Cabin', 'Embarked', 'PassengerId', 'Pclass', 'Age', 'SibSp', 'Parch', 'Fare'] preview_after=[{'Name': 0, 'Sex': 1, 'Ticket': 2, 'Cabin': 3, 'Embarked': 4, 'PassengerId': 5, 'Pclass': 6, 'Age': 7, 'SibSp': 8, 'Parch': 9, 'Fare': 10}]
2026-05-13 20:31:20,455 | TRACE LOGGER INITIALIZED file=C:\Users\Angelo\Documents\github\capstone_project\src\docs\logs\trace.log
2026-05-13 20:31:20,457 | APPLY START op='model_target' params={'column': 'Survived'} shape_before=(418, 12) columns_before=['PassengerId', 'Survived', 'Pclass', 'Name', 'Sex', 'Age', 'SibSp', 'Parch', 'Ticket', 'Fare', 'Cabin', 'Embarked']
2026-05-13 20:31:25,431 | APPLY END op='model_target' shape_after=(1, 11) columns_after=['Name', 'Sex', 'Ticket', 'Cabin', 'Embarked', 'PassengerId', 'Pclass', 'Age', 'SibSp', 'Parch', 'Fare'] preview_after=[{'Name': 0, 'Sex': 1, 'Ticket': 2, 'Cabin': 3, 'Embarked': 4, 'PassengerId': 5, 'Pclass': 6, 'Age': 7, 'SibSp': 8, 'Parch': 9, 'Fare': 10}]
2026-05-13 20:35:44,776 | TRACE LOGGER INITIALIZED file=C:\Users\Angelo\Documents\github\capstone_project\src\docs\logs\trace.log
2026-05-13 20:35:44,779 | APPLY START op='model_target' params={'column': 'Survived'} shape_before=(418, 12) columns_before=['PassengerId', 'Survived', 'Pclass', 'Name', 'Sex', 'Age', 'SibSp', 'Parch', 'Ticket', 'Fare', 'Cabin', 'Embarked']
2026-05-13 20:35:44,780 | APPLY END op='model_target' shape_after=(418, 12) columns_after=['PassengerId', 'Survived', 'Pclass', 'Name', 'Sex', 'Age', 'SibSp', 'Parch', 'Ticket', 'Fare', 'Cabin', 'Embarked'] preview_after=[{'PassengerId': 892, 'Survived': 0, 'Pclass': 3, 'Name': 'Kelly, Mr. James', 'Sex': 'male', 'Age': 34.5, 'SibSp': 0, 'Parch': 0, 'Ticket': '330911', 'Fare': 7.8292, 'Cabin': nan, 'Embarked': 'Q'}, {'PassengerId': 893, 'Survived': 1, 'Pclass': 3, 'Name': 'Wilkes, Mrs. James (Ellen Needs)', 'Sex': 'female', 'Age': 47.0, 'SibSp': 1, 'Parch': 0, 'Ticket': '363272', 'Fare': 7.0, 'Cabin': nan, 'Embarked': 'S'}, {'PassengerId': 894, 'Survived': 0, 'Pclass': 2, 'Name': 'Myles, Mr. Thomas Francis', 'Sex': 'male', 'Age': 62.0, 'SibSp': 0, 'Parch': 0, 'Ticket': '240276', 'Fare': 9.6875, 'Cabin': nan, 'Embarked': 'Q'}]
2026-05-13 20:36:13,044 | TRACE LOGGER INITIALIZED file=C:\Users\Angelo\Documents\github\capstone_project\src\docs\logs\trace.log
2026-05-13 20:36:13,046 | APPLY START op='model_target' params={'column': 'Survived'} shape_before=(418, 12) columns_before=['PassengerId', 'Survived', 'Pclass', 'Name', 'Sex', 'Age', 'SibSp', 'Parch', 'Ticket', 'Fare', 'Cabin', 'Embarked']
2026-05-13 20:36:18,123 | APPLY END op='model_target' shape_after=(1, 11) columns_after=['Name', 'Sex', 'Ticket', 'Cabin', 'Embarked', 'PassengerId', 'Pclass', 'Age', 'SibSp', 'Parch', 'Fare'] preview_after=[{'Name': 0, 'Sex': 1, 'Ticket': 2, 'Cabin': 3, 'Embarked': 4, 'PassengerId': 5, 'Pclass': 6, 'Age': 7, 'SibSp': 8, 'Parch': 9, 'Fare': 10}]
2026-05-13 20:44:58,620 | TRACE LOGGER INITIALIZED file=C:\Users\Angelo\Documents\github\capstone_project\src\docs\logs\trace.log
2026-05-13 20:44:58,622 | APPLY START op='model_target' params={'column': 'Survived'} shape_before=(418, 12) columns_before=['PassengerId', 'Survived', 'Pclass', 'Name', 'Sex', 'Age', 'SibSp', 'Parch', 'Ticket', 'Fare', 'Cabin', 'Embarked']
2026-05-13 20:45:03,654 | APPLY END op='model_target' shape_after=(1, 11) columns_after=['Name', 'Sex', 'Ticket', 'Cabin', 'Embarked', 'PassengerId', 'Pclass', 'Age', 'SibSp', 'Parch', 'Fare'] preview_after=[{'Name': 0, 'Sex': 1, 'Ticket': 2, 'Cabin': 3, 'Embarked': 4, 'PassengerId': 5, 'Pclass': 6, 'Age': 7, 'SibSp': 8, 'Parch': 9, 'Fare': 10}]
2026-05-13 20:45:03,733 | APPLY START op='dropna' params={'axis': 0, 'subset': ['A']} shape_before=(3, 2) columns_before=['A', 'B']
2026-05-13 20:45:03,734 | APPLY END op='dropna' shape_after=(2, 2) columns_after=['A', 'B'] preview_after=[{'A': 1.0, 'B': 4}, {'A': 3.0, 'B': 6}]
2026-05-13 20:45:03,735 | APPLY START op='fillna' params={'column': 'A', 'strategy': 'constant', 'value': 0} shape_before=(3, 1) columns_before=['A']
2026-05-13 20:45:03,735 | APPLY END op='fillna' shape_after=(3, 1) columns_after=['A'] preview_after=[{'A': 1.0}, {'A': 0.0}, {'A': 3.0}]
2026-05-13 20:45:03,736 | APPLY START op='drop_column' params={'columns': ['A']} shape_before=(2, 2) columns_before=['A', 'B']
2026-05-13 20:45:03,737 | APPLY END op='drop_column' shape_after=(2, 1) columns_after=['B'] preview_after=[{'B': 3}, {'B': 4}]
2026-05-13 20:45:03,738 | APPLY START op='replace_value' params={'column': 'A', 'old_value': 'old', 'new_value': 'changed'} shape_before=(3, 1) columns_before=['A']
2026-05-13 20:45:03,738 | APPLY END op='replace_value' shape_after=(3, 1) columns_after=['A'] preview_after=[{'A': 'changed'}, {'A': 'new'}, {'A': 'changed'}]
2026-05-13 20:45:03,739 | APPLY START op='fillna' params={'column': 'A', 'strategy': 'constant', 'value': 0} shape_before=(3, 2) columns_before=['A', 'B']
2026-05-13 20:45:03,740 | APPLY END op='fillna' shape_after=(3, 2) columns_after=['A', 'B'] preview_after=[{'A': 1.0, 'B': 'x'}, {'A': 0.0, 'B': 'y'}, {'A': 3.0, 'B': 'z'}]
2026-05-13 20:45:03,740 | APPLY START op='drop_column' params={'columns': ['B']} shape_before=(3, 2) columns_before=['A', 'B']
2026-05-13 20:45:03,740 | APPLY END op='drop_column' shape_after=(3, 1) columns_after=['A'] preview_after=[{'A': 1.0}, {'A': 0.0}, {'A': 3.0}]
2026-05-13 20:45:03,741 | APPLY START op='get_first_value_in_col' params={'column': 'A', 'split_by': ','} shape_before=(3, 1) columns_before=['A']
2026-05-13 20:45:03,742 | APPLY END op='get_first_value_in_col' shape_after=(3, 1) columns_after=['A_first_value'] preview_after=[{'A_first_value': 'abc'}, {'A_first_value': 'ghi'}, {'A_first_value': None}]
2026-05-13 20:45:03,743 | APPLY START op='split_alphanumeric' params={'column': 'A'} shape_before=(4, 1) columns_before=['A']
2026-05-13 20:45:03,744 | APPLY END op='split_alphanumeric' shape_after=(4, 3) columns_after=['A', 'A_left', 'A_right'] preview_after=[{'A': 'A123', 'A_left': 'A', 'A_right': 123}, {'A': '456B', 'A_left': 456, 'A_right': 'B'}, {'A': 'Invalid', 'A_left': None, 'A_right': None}]
2026-05-13 20:45:03,746 | APPLY START op='model_target' params={'column': 'Survived'} shape_before=(418, 12) columns_before=['PassengerId', 'Survived', 'Pclass', 'Name', 'Sex', 'Age', 'SibSp', 'Parch', 'Ticket', 'Fare', 'Cabin', 'Embarked']
2026-05-13 20:45:05,061 | APPLY END op='model_target' shape_after=(1, 11) columns_after=['Name', 'Sex', 'Ticket', 'Cabin', 'Embarked', 'PassengerId', 'Pclass', 'Age', 'SibSp', 'Parch', 'Fare'] preview_after=[{'Name': 0, 'Sex': 1, 'Ticket': 2, 'Cabin': 3, 'Embarked': 4, 'PassengerId': 5, 'Pclass': 6, 'Age': 7, 'SibSp': 8, 'Parch': 9, 'Fare': 10}]
2026-05-13 21:33:01,816 | TRACE LOGGER INITIALIZED file=C:\Users\Angelo\Documents\github\capstone_project\src\docs\logs\trace.log
2026-05-13 21:33:01,818 | APPLY START op='model_target' params={'column': 'Survived'} shape_before=(418, 12) columns_before=['PassengerId', 'Survived', 'Pclass', 'Name', 'Sex', 'Age', 'SibSp', 'Parch', 'Ticket', 'Fare', 'Cabin', 'Embarked']
2026-05-13 21:33:54,563 | TRACE LOGGER INITIALIZED file=C:\Users\Angelo\Documents\github\capstone_project\src\docs\logs\trace.log
2026-05-13 21:33:54,565 | APPLY START op='model_target' params={'column': 'Survived'} shape_before=(418, 12) columns_before=['PassengerId', 'Survived', 'Pclass', 'Name', 'Sex', 'Age', 'SibSp', 'Parch', 'Ticket', 'Fare', 'Cabin', 'Embarked']
2026-05-13 21:34:06,546 | APPLY END op='model_target' shape_after=(87, 12) columns_after=['PassengerId', 'Survived', 'Pclass', 'Name', 'Sex', 'Age', 'SibSp', 'Parch', 'Ticket', 'Fare', 'Cabin', 'Embarked'] preview_after=[{'PassengerId': 904, 'Survived': 1, 'Pclass': 1, 'Name': 'Snyder, Mrs. John Pillsbury (Nelle Stevenson)', 'Sex': 'female', 'Age': 23.0, 'SibSp': 1, 'Parch': 0, 'Ticket': '21228', 'Fare': 82.2667, 'Cabin': 'B45', 'Embarked': 'S'}, {'PassengerId': 906, 'Survived': 1, 'Pclass': 1, 'Name': 'Chaffee, Mrs. Herbert Fuller (Carrie Constance Toogood)', 'Sex': 'female', 'Age': 47.0, 'SibSp': 1, 'Parch': 0, 'Ticket': 'W.E.P. 5734', 'Fare': 61.175, 'Cabin': 'E31', 'Embarked': 'S'}, {'PassengerId': 916, 'Survived': 1, 'Pclass': 1, 'Name': 'Ryerson, Mrs. Arthur Larned (Emily Maria Borie)', 'Sex': 'female', 'Age': 48.0, 'SibSp': 1, 'Parch': 3, 'Ticket': 'PC 17608', 'Fare': 262.375, 'Cabin': 'B57 B59 B63 B66', 'Embarked': 'C'}]
